Detecting compiler hash for triplet x64-windows...
-- Automatically setting %HTTP(S)_PROXY% environment variables to "127.0.0.1:7890".
Compiler found: D:/Program Files/Microsoft Visual Studio/18/Community/VC/Tools/MSVC/14.51.36231/bin/Hostx64/x64/cl.exe
Detecting compiler hash for triplet x64-windows-static...
Compiler found: D:/Program Files/Microsoft Visual Studio/18/Community/VC/Tools/MSVC/14.51.36231/bin/Hostx64/x64/cl.exe
The following packages are already installed:
  * egl-registry:x64-windows-static@2025-05-27
    glew:x64-windows-static@2.3.1
    glfw3:x64-windows-static@3.4#1
  * opengl:x64-windows-static@2022-12-04#3
  * opengl-registry:x64-windows-static@2026-01-26
  * vcpkg-cmake:x64-windows@2024-04-23
  * vcpkg-cmake-config:x64-windows@2024-05-23
glew provides CMake targets:

  # Legacy CMake find module
  find_package(GLEW REQUIRED)
  target_link_libraries(main PRIVATE GLEW::GLEW)

  # Modern CMake config package
  find_package(GLEW CONFIG REQUIRED)
  target_link_libraries(main PRIVATE GLEW::GLEW)

glew provides pkg-config modules:

  # The OpenGL Extension Wrangler library
  glew

glfw3 provides CMake targets:

  # this is heuristically generated, and may not be correct
  find_package(glfw3 CONFIG REQUIRED)
  target_link_libraries(main PRIVATE glfw)

glfw3 provides pkg-config modules:

  # A multi-platform library for OpenGL, window and input
  glfw3

All requested installations completed successfully in: 326 us
